# JRE version: Java(TM) SE Runtime Environment (7.0_67-b01) (build 1.7.0_67-b01)
# Java VM: Java HotSpot(TM) 64-Bit Server VM (24.65-b04 mixed mode windows-amd64 compressed oops)
Heap
 PSYoungGen      total 105472K, used 27913K [0x0000000780000000, 0x000000079bf80000, 0x0000000800000000)
  eden space 104960K, 26% used [0x0000000780000000,0x0000000781b02740,0x0000000786680000)
  from space 512K, 50% used [0x000000079be80000,0x000000079bec0000,0x000000079bf00000)
  to   space 512K, 0% used [0x000000079bf00000,0x000000079bf00000,0x000000079bf80000)
 ParOldGen       total 144896K, used 95467K [0x0000000680000000, 0x0000000688d80000, 0x0000000780000000)
  object space 144896K, 65% used [0x0000000680000000,0x0000000685d3acb8,0x0000000688d80000)
 PSPermGen       total 78848K, used 39255K [0x000000067ae00000, 0x000000067fb00000, 0x0000000680000000)
  object space 78848K, 49% used [0x000000067ae00000,0x000000067d455e40,0x000000067fb00000)
GC Heap History (10 events):
Event: 1816.318 GC heap before
{Heap before GC invocations=1562 (full 1):
 PSYoungGen      total 122368K, used 122176K [0x0000000780000000, 0x000000079bf80000, 0x0000000800000000)
  eden space 121856K, 100% used [0x0000000780000000,0x0000000787700000,0x0000000787700000)
  from space 512K, 62% used [0x000000079bf00000,0x000000079bf50000,0x000000079bf80000)
  to   space 512K, 0% used [0x000000079be80000,0x000000079be80000,0x000000079bf00000)
 ParOldGen       total 144896K, used 95206K [0x0000000680000000, 0x0000000688d80000, 0x0000000780000000)
  object space 144896K, 65% used [0x0000000680000000,0x0000000685cf9980,0x0000000688d80000)
 PSPermGen       total 78848K, used 39219K [0x000000067ae00000, 0x000000067fb00000, 0x0000000680000000)
  object space 78848K, 49% used [0x000000067ae00000,0x000000067d44ceb0,0x000000067fb00000)
Event: 1816.321 GC heap after
Heap after GC invocations=1562 (full 1):
 PSYoungGen      total 118784K, used 320K [0x0000000780000000, 0x000000079bf80000, 0x0000000800000000)
  eden space 118272K, 0% used [0x0000000780000000,0x0000000780000000,0x0000000787380000)
  from space 512K, 62% used [0x000000079be80000,0x000000079bed0000,0x000000079bf00000)
  to   space 512K, 0% used [0x000000079bf00000,0x000000079bf00000,0x000000079bf80000)
 ParOldGen       total 144896K, used 95254K [0x0000000680000000, 0x0000000688d80000, 0x0000000780000000)
  object space 144896K, 65% used [0x0000000680000000,0x0000000685d05980,0x0000000688d80000)
 PSPermGen       total 78848K, used 39219K [0x000000067ae00000, 0x000000067fb00000, 0x0000000680000000)
  object space 78848K, 49% used [0x000000067ae00000,0x000000067d44ceb0,0x000000067fb00000)
}
Event: 1816.633 GC heap before
{Heap before GC invocations=1563 (full 1):
 PSYoungGen      total 118784K, used 118592K [0x0000000780000000, 0x000000079bf80000, 0x0000000800000000)
  eden space 118272K, 100% used [0x0000000780000000,0x0000000787380000,0x0000000787380000)
  from space 512K, 62% used [0x000000079be80000,0x000000079bed0000,0x000000079bf00000)
  to   space 512K, 0% used [0x000000079bf00000,0x000000079bf00000,0x000000079bf80000)
 ParOldGen       total 144896K, used 95254K [0x0000000680000000, 0x0000000688d80000, 0x0000000780000000)
  object space 144896K, 65% used [0x0000000680000000,0x0000000685d05980,0x0000000688d80000)
 PSPermGen       total 78848K, used 39219K [0x000000067ae00000, 0x000000067fb00000, 0x0000000680000000)
  object space 78848K, 49% used [0x000000067ae00000,0x000000067d44ceb0,0x000000067fb00000)
Event: 1816.636 GC heap after
Heap after GC invocations=1563 (full 1):
 PSYoungGen      total 115200K, used 320K [0x0000000780000000, 0x000000079bf80000, 0x0000000800000000)
  eden space 114688K, 0% used [0x0000000780000000,0x0000000780000000,0x0000000787000000)
  from space 512K, 62% used [0x000000079bf00000,0x000000079bf50000,0x000000079bf80000)
  to   space 512K, 0% used [0x000000079be80000,0x000000079be80000,0x000000079bf00000)
 ParOldGen       total 144896K, used 95302K [0x0000000680000000, 0x0000000688d80000, 0x0000000780000000)
  object space 144896K, 65% used [0x0000000680000000,0x0000000685d11980,0x0000000688d80000)
 PSPermGen       total 78848K, used 39219K [0x000000067ae00000, 0x000000067fb00000, 0x0000000680000000)
  object space 78848K, 49% used [0x000000067ae00000,0x000000067d44ceb0,0x000000067fb00000)
}
Event: 1819.264 GC heap before
{Heap before GC invocations=1564 (full 1):
 PSYoungGen      total 115200K, used 115008K [0x0000000780000000, 0x000000079bf80000, 0x0000000800000000)
  eden space 114688K, 100% used [0x0000000780000000,0x0000000787000000,0x0000000787000000)
  from space 512K, 62% used [0x000000079bf00000,0x000000079bf50000,0x000000079bf80000)
  to   space 512K, 0% used [0x000000079be80000,0x000000079be80000,0x000000079bf00000)
 ParOldGen       total 144896K, used 95302K [0x0000000680000000, 0x0000000688d80000, 0x0000000780000000)
  object space 144896K, 65% used [0x0000000680000000,0x0000000685d11980,0x0000000688d80000)
 PSPermGen       total 78848K, used 39219K [0x000000067ae00000, 0x000000067fb00000, 0x0000000680000000)
  object space 78848K, 49% used [0x000000067ae00000,0x000000067d44cff0,0x000000067fb00000)
Event: 1819.267 GC heap after
Heap after GC invocations=1564 (full 1):
 PSYoungGen      total 111616K, used 320K [0x0000000780000000, 0x000000079bf80000, 0x0000000800000000)
  eden space 111104K, 0% used [0x0000000780000000,0x0000000780000000,0x0000000786c80000)
  from space 512K, 62% used [0x000000079be80000,0x000000079bed0000,0x000000079bf00000)
  to   space 512K, 0% used [0x000000079bf00000,0x000000079bf00000,0x000000079bf80000)
 ParOldGen       total 144896K, used 95342K [0x0000000680000000, 0x0000000688d80000, 0x0000000780000000)
  object space 144896K, 65% used [0x0000000680000000,0x0000000685d1b980,0x0000000688d80000)
 PSPermGen       total 78848K, used 39219K [0x000000067ae00000, 0x000000067fb00000, 0x0000000680000000)
  object space 78848K, 49% used [0x000000067ae00000,0x000000067d44cff0,0x000000067fb00000)
}
Event: 1825.579 GC heap before
{Heap before GC invocations=1565 (full 1):
 PSYoungGen      total 111616K, used 111424K [0x0000000780000000, 0x000000079bf80000, 0x0000000800000000)
  eden space 111104K, 100% used [0x0000000780000000,0x0000000786c80000,0x0000000786c80000)
  from space 512K, 62% used [0x000000079be80000,0x000000079bed0000,0x000000079bf00000)
  to   space 512K, 0% used [0x000000079bf00000,0x000000079bf00000,0x000000079bf80000)
 ParOldGen       total 144896K, used 95342K [0x0000000680000000, 0x0000000688d80000, 0x0000000780000000)
  object space 144896K, 65% used [0x0000000680000000,0x0000000685d1b980,0x0000000688d80000)
 PSPermGen       total 78848K, used 39219K [0x000000067ae00000, 0x000000067fb00000, 0x0000000680000000)
  object space 78848K, 49% used [0x000000067ae00000,0x000000067d44cff0,0x000000067fb00000)
Event: 1825.582 GC heap after
Heap after GC invocations=1565 (full 1):
 PSYoungGen      total 108544K, used 320K [0x0000000780000000, 0x000000079bf80000, 0x0000000800000000)
  eden space 108032K, 0% used [0x0000000780000000,0x0000000780000000,0x0000000786980000)
  from space 512K, 62% used [0x000000079bf00000,0x000000079bf50000,0x000000079bf80000)
  to   space 512K, 0% used [0x000000079be80000,0x000000079be80000,0x000000079bf00000)
 ParOldGen       total 144896K, used 95411K [0x0000000680000000, 0x0000000688d80000, 0x0000000780000000)
  object space 144896K, 65% used [0x0000000680000000,0x0000000685d2ccb8,0x0000000688d80000)
 PSPermGen       total 78848K, used 39219K [0x000000067ae00000, 0x000000067fb00000, 0x0000000680000000)
  object space 78848K, 49% used [0x000000067ae00000,0x000000067d44cff0,0x000000067fb00000)
}
Event: 1921.580 GC heap before
{Heap before GC invocations=1566 (full 1):
 PSYoungGen      total 108544K, used 108352K [0x0000000780000000, 0x000000079bf80000, 0x0000000800000000)
  eden space 108032K, 100% used [0x0000000780000000,0x0000000786980000,0x0000000786980000)
  from space 512K, 62% used [0x000000079bf00000,0x000000079bf50000,0x000000079bf80000)
  to   space 512K, 0% used [0x000000079be80000,0x000000079be80000,0x000000079bf00000)
 ParOldGen       total 144896K, used 95411K [0x0000000680000000, 0x0000000688d80000, 0x0000000780000000)
  object space 144896K, 65% used [0x0000000680000000,0x0000000685d2ccb8,0x0000000688d80000)
 PSPermGen       total 78848K, used 39228K [0x000000067ae00000, 0x000000067fb00000, 0x0000000680000000)
  object space 78848K, 49% used [0x000000067ae00000,0x000000067d44f300,0x000000067fb00000)
Event: 1921.583 GC heap after
Heap after GC invocations=1566 (full 1):
 PSYoungGen      total 105472K, used 256K [0x0000000780000000, 0x000000079bf80000, 0x0000000800000000)
  eden space 104960K, 0% used [0x0000000780000000,0x0000000780000000,0x0000000786680000)
  from space 512K, 50% used [0x000000079be80000,0x000000079bec0000,0x000000079bf00000)
  to   space 512K, 0% used [0x000000079bf00000,0x000000079bf00000,0x000000079bf80000)
 ParOldGen       total 144896K, used 95467K [0x0000000680000000, 0x0000000688d80000, 0x0000000780000000)
  object space 144896K, 65% used [0x0000000680000000,0x0000000685d3acb8,0x0000000688d80000)
 PSPermGen       total 78848K, used 39228K [0x000000067ae00000, 0x000000067fb00000, 0x0000000680000000)
  object space 78848K, 49% used [0x000000067ae00000,0x000000067d44f300,0x000000067fb00000)
}

