# JRE version: Java(TM) SE Runtime Environment (8.0_05-b13) (build 1.8.0_05-b13)
# Java VM: Java HotSpot(TM) 64-Bit Server VM (25.5-b02 mixed mode windows-amd64 compressed oops)
Heap:
 PSYoungGen      total 167424K, used 24372K [0x0000000740000000, 0x000000074c100000, 0x00000007c0000000)
  eden space 140288K, 17% used [0x0000000740000000,0x00000007417751c8,0x0000000748900000)
  from space 27136K, 1% used [0x0000000748900000,0x0000000748958010,0x000000074a380000)
  to   space 27136K, 0% used [0x000000074a680000,0x000000074a680000,0x000000074c100000)
 ParOldGen       total 108032K, used 92948K [0x0000000640000000, 0x0000000646980000, 0x0000000740000000)
  object space 108032K, 86% used [0x0000000640000000,0x0000000645ac50d8,0x0000000646980000)
 Metaspace       used 48973K, capacity 49319K, committed 49584K, reserved 1093632K
  class space    used 5925K, capacity 6009K, committed 6064K, reserved 1048576K
GC Heap History (10 events):
Event: 121.812 GC heap before
{Heap before GC invocations=130 (full 7):
 PSYoungGen      total 155136K, used 134023K [0x0000000740000000, 0x000000074b280000, 0x00000007c0000000)
  eden space 133632K, 100% used [0x0000000740000000,0x0000000748280000,0x0000000748280000)
  from space 21504K, 1% used [0x0000000749980000,0x00000007499e1c60,0x000000074ae80000)
  to   space 23552K, 0% used [0x0000000748280000,0x0000000748280000,0x0000000749980000)
 ParOldGen       total 108032K, used 92645K [0x0000000640000000, 0x0000000646980000, 0x0000000740000000)
  object space 108032K, 85% used [0x0000000640000000,0x0000000645a79488,0x0000000646980000)
 Metaspace       used 48895K, capacity 49319K, committed 49584K, reserved 1093632K
  class space    used 5924K, capacity 6009K, committed 6064K, reserved 1048576K
Event: 121.813 GC heap after
Heap after GC invocations=130 (full 7):
 PSYoungGen      total 157184K, used 384K [0x0000000740000000, 0x000000074b880000, 0x00000007c0000000)
  eden space 133632K, 0% used [0x0000000740000000,0x0000000740000000,0x0000000748280000)
  from space 23552K, 1% used [0x0000000748280000,0x00000007482e0010,0x0000000749980000)
  to   space 25600K, 0% used [0x0000000749f80000,0x0000000749f80000,0x000000074b880000)
 ParOldGen       total 108032K, used 92764K [0x0000000640000000, 0x0000000646980000, 0x0000000740000000)
  object space 108032K, 85% used [0x0000000640000000,0x0000000645a970d8,0x0000000646980000)
 Metaspace       used 48895K, capacity 49319K, committed 49584K, reserved 1093632K
  class space    used 5924K, capacity 6009K, committed 6064K, reserved 1048576K
}
Event: 122.021 GC heap before
{Heap before GC invocations=131 (full 7):
 PSYoungGen      total 157184K, used 134016K [0x0000000740000000, 0x000000074b880000, 0x00000007c0000000)
  eden space 133632K, 100% used [0x0000000740000000,0x0000000748280000,0x0000000748280000)
  from space 23552K, 1% used [0x0000000748280000,0x00000007482e0010,0x0000000749980000)
  to   space 25600K, 0% used [0x0000000749f80000,0x0000000749f80000,0x000000074b880000)
 ParOldGen       total 108032K, used 92764K [0x0000000640000000, 0x0000000646980000, 0x0000000740000000)
  object space 108032K, 85% used [0x0000000640000000,0x0000000645a970d8,0x0000000646980000)
 Metaspace       used 48922K, capacity 49319K, committed 49584K, reserved 1093632K
  class space    used 5924K, capacity 6009K, committed 6064K, reserved 1048576K
Event: 122.022 GC heap after
Heap after GC invocations=131 (full 7):
 PSYoungGen      total 162304K, used 368K [0x0000000740000000, 0x000000074ba00000, 0x00000007c0000000)
  eden space 136704K, 0% used [0x0000000740000000,0x0000000740000000,0x0000000748580000)
  from space 25600K, 1% used [0x0000000749f80000,0x0000000749fdc040,0x000000074b880000)
  to   space 26624K, 0% used [0x0000000748580000,0x0000000748580000,0x0000000749f80000)
 ParOldGen       total 108032K, used 92828K [0x0000000640000000, 0x0000000646980000, 0x0000000740000000)
  object space 108032K, 85% used [0x0000000640000000,0x0000000645aa70d8,0x0000000646980000)
 Metaspace       used 48922K, capacity 49319K, committed 49584K, reserved 1093632K
  class space    used 5924K, capacity 6009K, committed 6064K, reserved 1048576K
}
Event: 122.232 GC heap before
{Heap before GC invocations=132 (full 7):
 PSYoungGen      total 162304K, used 137072K [0x0000000740000000, 0x000000074ba00000, 0x00000007c0000000)
  eden space 136704K, 100% used [0x0000000740000000,0x0000000748580000,0x0000000748580000)
  from space 25600K, 1% used [0x0000000749f80000,0x0000000749fdc040,0x000000074b880000)
  to   space 26624K, 0% used [0x0000000748580000,0x0000000748580000,0x0000000749f80000)
 ParOldGen       total 108032K, used 92828K [0x0000000640000000, 0x0000000646980000, 0x0000000740000000)
  object space 108032K, 85% used [0x0000000640000000,0x0000000645aa70d8,0x0000000646980000)
 Metaspace       used 48926K, capacity 49319K, committed 49584K, reserved 1093632K
  class space    used 5924K, capacity 6009K, committed 6064K, reserved 1048576K
Event: 122.234 GC heap after
Heap after GC invocations=132 (full 7):
 PSYoungGen      total 163328K, used 352K [0x0000000740000000, 0x000000074be00000, 0x00000007c0000000)
  eden space 136704K, 0% used [0x0000000740000000,0x0000000740000000,0x0000000748580000)
  from space 26624K, 1% used [0x0000000748580000,0x00000007485d8010,0x0000000749f80000)
  to   space 27136K, 0% used [0x000000074a380000,0x000000074a380000,0x000000074be00000)
 ParOldGen       total 108032K, used 92868K [0x0000000640000000, 0x0000000646980000, 0x0000000740000000)
  object space 108032K, 85% used [0x0000000640000000,0x0000000645ab10d8,0x0000000646980000)
 Metaspace       used 48926K, capacity 49319K, committed 49584K, reserved 1093632K
  class space    used 5924K, capacity 6009K, committed 6064K, reserved 1048576K
}
Event: 122.517 GC heap before
{Heap before GC invocations=133 (full 7):
 PSYoungGen      total 163328K, used 137056K [0x0000000740000000, 0x000000074be00000, 0x00000007c0000000)
  eden space 136704K, 100% used [0x0000000740000000,0x0000000748580000,0x0000000748580000)
  from space 26624K, 1% used [0x0000000748580000,0x00000007485d8010,0x0000000749f80000)
  to   space 27136K, 0% used [0x000000074a380000,0x000000074a380000,0x000000074be00000)
 ParOldGen       total 108032K, used 92868K [0x0000000640000000, 0x0000000646980000, 0x0000000740000000)
  object space 108032K, 85% used [0x0000000640000000,0x0000000645ab10d8,0x0000000646980000)
 Metaspace       used 48931K, capacity 49319K, committed 49584K, reserved 1093632K
  class space    used 5924K, capacity 6009K, committed 6064K, reserved 1048576K
Event: 122.519 GC heap after
Heap after GC invocations=133 (full 7):
 PSYoungGen      total 167424K, used 368K [0x0000000740000000, 0x000000074be00000, 0x00000007c0000000)
  eden space 140288K, 0% used [0x0000000740000000,0x0000000740000000,0x0000000748900000)
  from space 27136K, 1% used [0x000000074a380000,0x000000074a3dc040,0x000000074be00000)
  to   space 27136K, 0% used [0x0000000748900000,0x0000000748900000,0x000000074a380000)
 ParOldGen       total 108032K, used 92916K [0x0000000640000000, 0x0000000646980000, 0x0000000740000000)
  object space 108032K, 86% used [0x0000000640000000,0x0000000645abd0d8,0x0000000646980000)
 Metaspace       used 48931K, capacity 49319K, committed 49584K, reserved 1093632K
  class space    used 5924K, capacity 6009K, committed 6064K, reserved 1048576K
}
Event: 122.817 GC heap before
{Heap before GC invocations=134 (full 7):
 PSYoungGen      total 167424K, used 140656K [0x0000000740000000, 0x000000074be00000, 0x00000007c0000000)
  eden space 140288K, 100% used [0x0000000740000000,0x0000000748900000,0x0000000748900000)
  from space 27136K, 1% used [0x000000074a380000,0x000000074a3dc040,0x000000074be00000)
  to   space 27136K, 0% used [0x0000000748900000,0x0000000748900000,0x000000074a380000)
 ParOldGen       total 108032K, used 92916K [0x0000000640000000, 0x0000000646980000, 0x0000000740000000)
  object space 108032K, 86% used [0x0000000640000000,0x0000000645abd0d8,0x0000000646980000)
 Metaspace       used 48945K, capacity 49319K, committed 49584K, reserved 1093632K
  class space    used 5924K, capacity 6009K, committed 6064K, reserved 1048576K
Event: 122.818 GC heap after
Heap after GC invocations=134 (full 7):
 PSYoungGen      total 167424K, used 352K [0x0000000740000000, 0x000000074c100000, 0x00000007c0000000)
  eden space 140288K, 0% used [0x0000000740000000,0x0000000740000000,0x0000000748900000)
  from space 27136K, 1% used [0x0000000748900000,0x0000000748958010,0x000000074a380000)
  to   space 27136K, 0% used [0x000000074a680000,0x000000074a680000,0x000000074c100000)
 ParOldGen       total 108032K, used 92948K [0x0000000640000000, 0x0000000646980000, 0x0000000740000000)
  object space 108032K, 86% used [0x0000000640000000,0x0000000645ac50d8,0x0000000646980000)
 Metaspace       used 48945K, capacity 49319K, committed 49584K, reserved 1093632K
  class space    used 5924K, capacity 6009K, committed 6064K, reserved 1048576K
}

